<?xml version="1.0" encoding="UTF-8"?>
<!-- Generated by org.testng.reporters.JUnitXMLReporter -->
<testsuite ignored="1" hostname="DESKTOP-5BKKI8L" failures="0" tests="1" name="Default test" time="3.296" errors="0" timestamp="2024-05-14T03:29:32 PDT">
  <testcase classname="com.allianz.test.PetRequestTest" name="findInvalidPetTest" time="3.238"/>
  <testcase classname="com.allianz.test.PetRequestTest" name="findValidPetTest" time="0.0">
    <ignored/>
  </testcase> <!-- findValidPetTest -->
</testsuite> <!-- Default test -->
