<?xml version="1.0" encoding="UTF-8"?>
<!-- Generated by org.testng.reporters.JUnitXMLReporter -->
<testsuite ignored="4" hostname="DESKTOP-5BKKI8L" failures="0" tests="1" name="Default test" time="4.939" errors="0" timestamp="2024-05-15T07:07:48 PDT">
  <testcase classname="com.allianz.test.PetManageTest" name="deleteInvalidPetTest" time="4.79"/>
  <testcase classname="com.allianz.test.PetManageTest" name="addValidPetToStoreTest2" time="0.0">
    <ignored/>
  </testcase> <!-- addValidPetToStoreTest2 -->
  <testcase classname="com.allianz.test.PetManageTest" name="deleteValidPetTest" time="0.0">
    <ignored/>
  </testcase> <!-- deleteValidPetTest -->
  <testcase classname="com.allianz.test.PetManageTest" name="addValidPetToStoreTest" time="0.0">
    <ignored/>
  </testcase> <!-- addValidPetToStoreTest -->
  <testcase classname="com.allianz.test.PetManageTest" name="updateValidPetToStoreTest" time="0.0">
    <ignored/>
  </testcase> <!-- updateValidPetToStoreTest -->
</testsuite> <!-- Default test -->
