<?xml version="1.0" encoding="UTF-8"?>
<testng-results ignored="0" total="1" passed="1" failed="0" skipped="0">
  <reporter-output>
  </reporter-output>
  <suite started-at="2024-05-15T07:07:43 PDT" name="Default suite" finished-at="2024-05-15T07:07:48 PDT" duration-ms="4939">
    <groups>
    </groups>
    <test started-at="2024-05-15T07:07:43 PDT" name="Default test" finished-at="2024-05-15T07:07:48 PDT" duration-ms="4939">
      <class name="com.allianz.test.PetManageTest">
        <test-method signature="deleteInvalidPetTest()[pri:0, instance:com.allianz.test.PetManageTest@57cf54e1]" started-at="2024-05-15T07:07:43 PDT" name="deleteInvalidPetTest" finished-at="2024-05-15T07:07:48 PDT" duration-ms="4790" status="PASS">
          <reporter-output>
          </reporter-output>
        </test-method> <!-- deleteInvalidPetTest -->
      </class> <!-- com.allianz.test.PetManageTest -->
    </test> <!-- Default test -->
  </suite> <!-- Default suite -->
</testng-results>
