<?xml version="1.0" encoding="UTF-8"?>
<testng-results ignored="0" total="1" passed="1" failed="0" skipped="0">
  <reporter-output>
  </reporter-output>
  <suite started-at="2024-05-14T03:29:29 PDT" name="Default suite" finished-at="2024-05-14T03:29:32 PDT" duration-ms="3296">
    <groups>
    </groups>
    <test started-at="2024-05-14T03:29:29 PDT" name="Default test" finished-at="2024-05-14T03:29:32 PDT" duration-ms="3296">
      <class name="com.allianz.test.PetRequestTest">
        <test-method signature="findInvalidPetTest()[pri:0, instance:com.allianz.test.PetRequestTest@43dac38f]" started-at="2024-05-14T03:29:29 PDT" name="findInvalidPetTest" finished-at="2024-05-14T03:29:32 PDT" duration-ms="3238" status="PASS">
          <reporter-output>
          </reporter-output>
        </test-method> <!-- findInvalidPetTest -->
      </class> <!-- com.allianz.test.PetRequestTest -->
    </test> <!-- Default test -->
  </suite> <!-- Default suite -->
</testng-results>
